<?xml version="1.0" encoding="UTF-8"?>
<testng-results ignored="0" total="1" passed="1" failed="0" skipped="0">
  <reporter-output>
  </reporter-output>
  <suite started-at="2023-08-07T15:53:36 IST" name="Default suite" finished-at="2023-08-07T15:53:39 IST" duration-ms="2622">
    <groups>
    </groups>
    <test started-at="2023-08-07T15:53:36 IST" name="Default test" finished-at="2023-08-07T15:53:39 IST" duration-ms="2622">
      <class name="SerializationAndDeserialization.Get_ListUserGDS">
        <test-method signature="getUser()[pri:0, instance:SerializationAndDeserialization.Get_ListUserGDS@39529185]" started-at="2023-08-07T15:53:36 IST" name="getUser" finished-at="2023-08-07T15:53:39 IST" duration-ms="2567" status="PASS">
          <reporter-output>
          </reporter-output>
        </test-method> <!-- getUser -->
      </class> <!-- SerializationAndDeserialization.Get_ListUserGDS -->
    </test> <!-- Default test -->
  </suite> <!-- Default suite -->
</testng-results>
